<?xml version="1.0" encoding="utf-8"?><testsuites name="pytest tests"><testsuite name="pytest" errors="0" failures="0" skipped="0" tests="94" time="5.121" timestamp="2025-12-03T06:51:50.903605+00:00" hostname="ad28d8699d3b"><testcase classname="tests.test_app.TestApplicationInitialization" name="test_initialize_loads_config" time="0.012" /><testcase classname="tests.test_app.TestApplicationInitialization" name="test_initialize_checks_system" time="0.008" /><testcase classname="tests.test_app.TestApplicationInitialization" name="test_initialize_creates_state" time="0.012" /><testcase classname="tests.test_app.TestApplicationSummary" name="test_show_summary_success" time="0.016" /><testcase classname="tests.test_app.TestApplicationSummary" name="test_show_summary_failure" time="0.008" /><testcase classname="tests.test_app.TestApplicationSummary" name="test_show_summary_mixed" time="0.009" /><testcase classname="tests.test_app.TestApplicationSummary" name="test_show_summary_none" time="0.006" /><testcase classname="tests.test_app.TestApplicationState" name="test_state_initially_none" time="0.002" /><testcase classname="tests.test_app.TestApplicationState" name="test_state_populated_after_init" time="0.009" /><testcase classname="tests.test_app.TestApplicationState" name="test_console_exists" time="0.003" /><testcase classname="tests.test_app.TestApplicationConfig" name="test_config_stored" time="0.001" /><testcase classname="tests.test_app.TestApplicationConfig" name="test_invalid_config_raises" time="0.002" /><testcase classname="tests.test_app.TestApplicationConfig" name="test_missing_config_raises" time="0.003" /><testcase classname="tests.test_app.TestApplicationToolCounts" name="test_all_tools_count" time="0.009" /><testcase classname="tests.test_app.TestApplicationToolCounts" name="test_success_count" time="0.006" /><testcase classname="tests.test_app.TestApplicationToolCounts" name="test_failed_count" time="0.009" /><testcase classname="tests.test_config.TestConfig" name="test_load_from_file" time="0.001" /><testcase classname="tests.test_config.TestConfig" name="test_missing_config_file" time="0.001" /><testcase classname="tests.test_config.TestConfig" name="test_from_file_classmethod" time="0.003" /><testcase classname="tests.test_config.TestConfig" name="test_package_data_dir_exists" time="0.000" /><testcase classname="tests.test_config.TestConfig" name="test_bundled_config_exists" time="0.000" /><testcase classname="tests.test_executor.TestExecuteTool" name="test_execute_tool_success" time="0.006" /><testcase classname="tests.test_executor.TestExecuteTool" name="test_execute_tool_failure" time="0.003" /><testcase classname="tests.test_executor.TestExecuteTool" name="test_execute_tool_missing_script" time="0.007" /><testcase classname="tests.test_executor.TestExecuteTool" name="test_execute_tool_skip_ssh" time="0.004" /><testcase classname="tests.test_executor.TestExecuteTool" name="test_execute_tool_active_tasks_counter" time="0.005" /><testcase classname="tests.test_executor.TestExecuteTool" name="test_execute_tool_timing" time="0.007" /><testcase classname="tests.test_executor.TestInstallSelected" name="test_install_selected_empty" time="0.002" /><testcase classname="tests.test_executor.TestInstallSelected" name="test_install_selected_some" time="0.007" /><testcase classname="tests.test_executor.TestInstallSelected" name="test_install_selected_concurrent" time="0.007" /><testcase classname="tests.test_executor.TestInstallSelected" name="test_install_selected_skip_running" time="0.003" /><testcase classname="tests.test_executor.TestInstallSelected" name="test_install_selected_skip_completed" time="0.003" /><testcase classname="tests.test_executor.TestExecutorEdgeCases" name="test_execute_script_with_stderr" time="0.007" /><testcase classname="tests.test_executor.TestExecutorEdgeCases" name="test_execute_long_output" time="0.007" /><testcase classname="tests.test_input.TestQuitInput" name="test_quit_lowercase" time="0.002" /><testcase classname="tests.test_input.TestQuitInput" name="test_quit_uppercase" time="0.001" /><testcase classname="tests.test_input.TestNavigationInput" name="test_move_down_j" time="0.002" /><testcase classname="tests.test_input.TestNavigationInput" name="test_move_down_arrow" time="0.002" /><testcase classname="tests.test_input.TestNavigationInput" name="test_move_up_k" time="0.001" /><testcase classname="tests.test_input.TestNavigationInput" name="test_move_up_arrow" time="0.002" /><testcase classname="tests.test_input.TestNavigationInput" name="test_move_category_right_l" time="0.004" /><testcase classname="tests.test_input.TestNavigationInput" name="test_move_category_right_arrow" time="0.004" /><testcase classname="tests.test_input.TestNavigationInput" name="test_move_category_left_h" time="0.002" /><testcase classname="tests.test_input.TestNavigationInput" name="test_move_category_left_arrow" time="0.007" /><testcase classname="tests.test_input.TestNavigationInput" name="test_navigation_in_logs_view" time="0.004" /><testcase classname="tests.test_input.TestSelectionInput" name="test_toggle_selection_space" time="0.002" /><testcase classname="tests.test_input.TestViewToggleInput" name="test_toggle_view_enter" time="0.002" /><testcase classname="tests.test_input.TestViewToggleInput" name="test_toggle_view_carriage_return" time="0.002" /><testcase classname="tests.test_input.TestViewToggleInput" name="test_toggle_view_L" time="0.003" /><testcase classname="tests.test_input.TestInstallInput" name="test_install_current_i" time="0.017" /><testcase classname="tests.test_input.TestInstallInput" name="test_install_current_I" time="0.020" /><testcase classname="tests.test_input.TestInstallInput" name="test_install_current_skip_non_pending" time="0.016" /><testcase classname="tests.test_input.TestInstallInput" name="test_install_all_selected_a" time="0.014" /><testcase classname="tests.test_input.TestInstallInput" name="test_install_all_selected_empty" time="0.003" /><testcase classname="tests.test_input.TestUnknownInput" name="test_unknown_key_no_effect" time="0.002" /><testcase classname="tests.test_integration.TestEndToEndWorkflow" name="test_complete_initialization" time="0.006" /><testcase classname="tests.test_integration.TestEndToEndWorkflow" name="test_single_tool_installation" time="0.113" /><testcase classname="tests.test_integration.TestEndToEndWorkflow" name="test_failed_tool_installation" time="0.017" /><testcase classname="tests.test_integration.TestEndToEndWorkflow" name="test_ssh_tool_skipped" time="0.009" /><testcase classname="tests.test_integration.TestEndToEndWorkflow" name="test_batch_installation" time="0.282" /><testcase classname="tests.test_integration.TestNavigationWorkflow" name="test_complete_navigation" time="0.007" /><testcase classname="tests.test_integration.TestNavigationWorkflow" name="test_selection_across_categories" time="0.005" /><testcase classname="tests.test_integration.TestNavigationWorkflow" name="test_view_toggle_workflow" time="0.006" /><testcase classname="tests.test_integration.TestConcurrentExecution" name="test_all_tools_complete" time="0.114" /><testcase classname="tests.test_integration.TestConcurrentExecution" name="test_concurrent_timing" time="0.113" /><testcase classname="tests.test_integration.TestErrorHandling" name="test_missing_script_handled" time="0.006" /><testcase classname="tests.test_integration.TestErrorHandling" name="test_runtime_error_handled" time="0.011" /><testcase classname="tests.test_integration.TestConfigurationLoading" name="test_load_bundled_config" time="0.001" /><testcase classname="tests.test_integration.TestConfigurationLoading" name="test_config_validation" time="0.003" /><testcase classname="tests.test_integration.TestStateConsistency" name="test_active_tasks_consistency" time="0.009" /><testcase classname="tests.test_integration.TestStateConsistency" name="test_selection_preserved" time="0.007" /><testcase classname="tests.test_models.TestStatus" name="test_all_statuses_have_icons" time="0.001" /><testcase classname="tests.test_models.TestTool" name="test_tool_creation" time="0.002" /><testcase classname="tests.test_models.TestTool" name="test_tool_add_log" time="0.001" /><testcase classname="tests.test_models.TestCategory" name="test_category_creation" time="0.003" /><testcase classname="tests.test_models.TestAppState" name="test_navigation" time="0.005" /><testcase classname="tests.test_models.TestAppState" name="test_selection" time="0.003" /><testcase classname="tests.test_models.TestAppState" name="test_get_selected_tools" time="0.002" /><testcase classname="tests.test_models.TestAppState" name="test_boundary_navigation" time="0.003" /><testcase classname="tests.test_system.TestCheckSudo" name="test_check_sudo_available" time="0.005" /><testcase classname="tests.test_system.TestCheckSudo" name="test_check_sudo_unavailable" time="0.006" /><testcase classname="tests.test_system.TestCheckSudo" name="test_check_sudo_real" time="0.025" /><testcase classname="tests.test_system.TestCheckSSH" name="test_check_ssh_authenticated" time="0.007" /><testcase classname="tests.test_system.TestCheckSSH" name="test_check_ssh_full_success" time="0.007" /><testcase classname="tests.test_system.TestCheckSSH" name="test_check_ssh_not_configured" time="0.007" /><testcase classname="tests.test_system.TestCheckWSL" name="test_check_wsl_detected" time="0.008" /><testcase classname="tests.test_system.TestCheckWSL" name="test_check_wsl_not_detected" time="0.004" /><testcase classname="tests.test_system.TestCheckWSL" name="test_check_wsl_file_not_found" time="0.003" /><testcase classname="tests.test_system.TestCheckWSL" name="test_check_wsl_real" time="0.003" /><testcase classname="tests.test_system.TestCheckSystem" name="test_check_system_updates_state" time="0.006" /><testcase classname="tests.test_system.TestCheckSystem" name="test_check_system_all_false" time="0.006" /><testcase classname="tests.test_system.TestCheckSystem" name="test_check_system_mixed" time="0.007" /><testcase classname="tests.test_system.TestCheckSystem" name="test_check_system_real" time="1.894" /><testcase classname="tests.test_system.TestSystemCheckConcurrency" name="test_multiple_concurrent_checks" time="1.770" /></testsuite></testsuites>